[0.885s] DEBUG:colcon:Command line arguments: ['/usr/bin/colcon', 'build', '--symlink-install']
[0.887s] DEBUG:colcon:Parsed command line arguments: Namespace(log_base=None, log_level=None, verb_name='build', build_base='build', install_base='install', merge_install=False, symlink_install=True, test_result_base=None, continue_on_error=False, executor='parallel', parallel_workers=3, event_handlers=None, ignore_user_meta=False, metas=['./colcon.meta'], base_paths=['.'], packages_ignore=None, packages_ignore_regex=None, paths=None, packages_up_to=None, packages_up_to_regex=None, packages_above=None, packages_above_and_dependencies=None, packages_above_depth=None, packages_select_by_dep=None, packages_skip_by_dep=None, packages_skip_up_to=None, packages_select_build_failed=False, packages_skip_build_finished=False, packages_select_test_failures=False, packages_skip_test_passed=False, packages_select=None, packages_skip=None, packages_select_regex=None, packages_skip_regex=None, packages_start=None, packages_end=None, cmake_args=None, cmake_target=None, cmake_target_skip_unavailable=False, cmake_clean_cache=False, cmake_clean_first=False, cmake_force_configure=False, ament_cmake_args=None, catkin_cmake_args=None, catkin_skip_building_tests=False, mixin_files=None, mixin=None, verb_parser=<colcon_mixin.mixin.mixin_argument.MixinArgumentDecorator object at 0x4003615a20>, verb_extension=<colcon_core.verb.build.BuildVerb object at 0x4003615390>, main=<bound method BuildVerb.main of <colcon_core.verb.build.BuildVerb object at 0x4003615390>>, mixin_verb=('build',))
[0.998s] Level 1:colcon.colcon_core.package_discovery:discover_packages(colcon_meta) check parameters
[1.002s] INFO:colcon.colcon_metadata.package_discovery.colcon_meta:Using configuration from '/root/.colcon/metadata/default/Gazebo.meta'
[1.005s] INFO:colcon.colcon_metadata.package_discovery.colcon_meta:Using configuration from '/root/.colcon/metadata/default/fastrtps.meta'
[1.006s] Level 1:colcon.colcon_core.package_discovery:discover_packages(recursive) check parameters
[1.006s] Level 1:colcon.colcon_core.package_discovery:discover_packages(ignore) check parameters
[1.006s] Level 1:colcon.colcon_core.package_discovery:discover_packages(path) check parameters
[1.006s] Level 1:colcon.colcon_core.package_discovery:discover_packages(colcon_meta) discover
[1.007s] Level 1:colcon.colcon_core.package_discovery:discover_packages(recursive) discover
[1.007s] INFO:colcon.colcon_core.package_discovery:Crawling recursively for packages in '/root/ros2_ws/src/merge_arrays'
[1.008s] Level 1:colcon.colcon_core.package_identification:_identify(.) by extensions ['ignore', 'ignore_ament_install']
[1.009s] Level 1:colcon.colcon_core.package_identification:_identify(.) by extension 'ignore'
[1.009s] Level 1:colcon.colcon_core.package_identification:_identify(.) by extension 'ignore_ament_install'
[1.010s] Level 1:colcon.colcon_core.package_identification:_identify(.) by extensions ['colcon_pkg']
[1.010s] Level 1:colcon.colcon_core.package_identification:_identify(.) by extension 'colcon_pkg'
[1.011s] Level 1:colcon.colcon_core.package_identification:_identify(.) by extensions ['colcon_meta']
[1.011s] Level 1:colcon.colcon_core.package_identification:_identify(.) by extension 'colcon_meta'
[1.011s] Level 1:colcon.colcon_core.package_identification:_identify(.) by extensions ['ros']
[1.011s] Level 1:colcon.colcon_core.package_identification:_identify(.) by extension 'ros'
[1.093s] DEBUG:colcon.colcon_core.package_identification:Package '.' with type 'ros.ament_python' and name 'merge_arrays'
[1.093s] Level 1:colcon.colcon_core.package_discovery:discover_packages(recursive) using defaults
[1.094s] Level 1:colcon.colcon_core.package_discovery:discover_packages(ignore) discover
[1.094s] Level 1:colcon.colcon_core.package_discovery:discover_packages(ignore) using defaults
[1.094s] Level 1:colcon.colcon_core.package_discovery:discover_packages(path) discover
[1.094s] Level 1:colcon.colcon_core.package_discovery:discover_packages(path) using defaults
[1.209s] Level 5:colcon.colcon_core.verb:set package 'merge_arrays' build argument 'cmake_args' from command line to 'None'
[1.209s] Level 5:colcon.colcon_core.verb:set package 'merge_arrays' build argument 'cmake_target' from command line to 'None'
[1.210s] Level 5:colcon.colcon_core.verb:set package 'merge_arrays' build argument 'cmake_target_skip_unavailable' from command line to 'False'
[1.210s] Level 5:colcon.colcon_core.verb:set package 'merge_arrays' build argument 'cmake_clean_cache' from command line to 'False'
[1.210s] Level 5:colcon.colcon_core.verb:set package 'merge_arrays' build argument 'cmake_clean_first' from command line to 'False'
[1.210s] Level 5:colcon.colcon_core.verb:set package 'merge_arrays' build argument 'cmake_force_configure' from command line to 'False'
[1.210s] Level 5:colcon.colcon_core.verb:set package 'merge_arrays' build argument 'ament_cmake_args' from command line to 'None'
[1.210s] Level 5:colcon.colcon_core.verb:set package 'merge_arrays' build argument 'catkin_cmake_args' from command line to 'None'
[1.210s] Level 5:colcon.colcon_core.verb:set package 'merge_arrays' build argument 'catkin_skip_building_tests' from command line to 'False'
[1.211s] DEBUG:colcon.colcon_core.verb:Building package 'merge_arrays' with the following arguments: {'ament_cmake_args': None, 'build_base': '/root/ros2_ws/src/merge_arrays/build/merge_arrays', 'catkin_cmake_args': None, 'catkin_skip_building_tests': False, 'cmake_args': None, 'cmake_clean_cache': False, 'cmake_clean_first': False, 'cmake_force_configure': False, 'cmake_target': None, 'cmake_target_skip_unavailable': False, 'install_base': '/root/ros2_ws/src/merge_arrays/install/merge_arrays', 'merge_install': False, 'path': '/root/ros2_ws/src/merge_arrays', 'symlink_install': True, 'test_result_base': None}
[1.214s] INFO:colcon.colcon_core.executor:Executing jobs using 'parallel' executor
[1.250s] DEBUG:colcon.colcon_parallel_executor.executor.parallel:run_until_complete
[1.253s] INFO:colcon.colcon_ros.task.ament_python.build:Building ROS package in '/root/ros2_ws/src/merge_arrays' with build type 'ament_python'
[1.254s] Level 1:colcon.colcon_core.shell:create_environment_hook('merge_arrays', 'ament_prefix_path')
[1.286s] INFO:colcon.colcon_core.plugin_system:Skipping extension 'colcon_core.shell.bat': Not used on non-Windows systems
[1.287s] INFO:colcon.colcon_core.shell:Creating environment hook '/root/ros2_ws/src/merge_arrays/install/merge_arrays/share/merge_arrays/hook/ament_prefix_path.ps1'
[1.292s] INFO:colcon.colcon_core.shell:Creating environment descriptor '/root/ros2_ws/src/merge_arrays/install/merge_arrays/share/merge_arrays/hook/ament_prefix_path.dsv'
[1.295s] INFO:colcon.colcon_core.shell:Creating environment hook '/root/ros2_ws/src/merge_arrays/install/merge_arrays/share/merge_arrays/hook/ament_prefix_path.sh'
[1.309s] INFO:colcon.colcon_core.shell:Skip shell extension 'powershell' for command environment: Not usable outside of PowerShell
[1.310s] DEBUG:colcon.colcon_core.shell:Skip shell extension 'dsv' for command environment
[3.158s] INFO:colcon.colcon_core.task.python.build:Building Python package in '/root/ros2_ws/src/merge_arrays'
[3.172s] INFO:colcon.colcon_core.shell:Skip shell extension 'powershell' for command environment: Not usable outside of PowerShell
[3.173s] DEBUG:colcon.colcon_core.shell:Skip shell extension 'dsv' for command environment
[5.305s] DEBUG:colcon.colcon_core.event_handler.log_command:Invoking command in '/root/ros2_ws/src/merge_arrays/build/merge_arrays': PYTHONPATH=/root/ros2_ws/src/merge_arrays/install/merge_arrays/lib/python3.10/site-packages:${PYTHONPATH} /usr/bin/python3 setup.py develop --prefix /root/ros2_ws/src/merge_arrays/install/merge_arrays --editable --build-directory /root/ros2_ws/src/merge_arrays/build/merge_arrays/build --no-deps install_data --install-dir /root/ros2_ws/src/merge_arrays/install/merge_arrays
[7.745s] Level 1:colcon.colcon_core.shell:create_environment_hook('merge_arrays', 'pythonpath_develop')
[7.754s] DEBUG:colcon.colcon_core.event_handler.log_command:Invoked command in '/root/ros2_ws/src/merge_arrays/build/merge_arrays' returned '0': PYTHONPATH=/root/ros2_ws/src/merge_arrays/install/merge_arrays/lib/python3.10/site-packages:${PYTHONPATH} /usr/bin/python3 setup.py develop --prefix /root/ros2_ws/src/merge_arrays/install/merge_arrays --editable --build-directory /root/ros2_ws/src/merge_arrays/build/merge_arrays/build --no-deps install_data --install-dir /root/ros2_ws/src/merge_arrays/install/merge_arrays
[7.764s] INFO:colcon.colcon_core.shell:Creating environment hook '/root/ros2_ws/src/merge_arrays/build/merge_arrays/share/merge_arrays/hook/pythonpath_develop.ps1'
[7.769s] INFO:colcon.colcon_core.shell:Creating environment descriptor '/root/ros2_ws/src/merge_arrays/build/merge_arrays/share/merge_arrays/hook/pythonpath_develop.dsv'
[7.771s] INFO:colcon.colcon_core.shell:Creating environment hook '/root/ros2_ws/src/merge_arrays/build/merge_arrays/share/merge_arrays/hook/pythonpath_develop.sh'
[7.801s] Level 1:colcon.colcon_core.environment:checking '/root/ros2_ws/src/merge_arrays/install/merge_arrays' for CMake module files
[7.804s] Level 1:colcon.colcon_core.environment:checking '/root/ros2_ws/src/merge_arrays/install/merge_arrays' for CMake config files
[7.807s] Level 1:colcon.colcon_core.environment:checking '/root/ros2_ws/src/merge_arrays/install/merge_arrays/lib'
[7.808s] Level 1:colcon.colcon_core.environment:checking '/root/ros2_ws/src/merge_arrays/install/merge_arrays/bin'
[7.809s] Level 1:colcon.colcon_core.environment:checking '/root/ros2_ws/src/merge_arrays/install/merge_arrays/lib/pkgconfig/merge_arrays.pc'
[7.810s] Level 1:colcon.colcon_core.environment:checking '/root/ros2_ws/src/merge_arrays/install/merge_arrays/lib/python3.10/site-packages'
[7.810s] Level 1:colcon.colcon_core.shell:create_environment_hook('merge_arrays', 'pythonpath')
[7.819s] INFO:colcon.colcon_core.shell:Creating environment hook '/root/ros2_ws/src/merge_arrays/install/merge_arrays/share/merge_arrays/hook/pythonpath.ps1'
[7.821s] INFO:colcon.colcon_core.shell:Creating environment descriptor '/root/ros2_ws/src/merge_arrays/install/merge_arrays/share/merge_arrays/hook/pythonpath.dsv'
[7.823s] INFO:colcon.colcon_core.shell:Creating environment hook '/root/ros2_ws/src/merge_arrays/install/merge_arrays/share/merge_arrays/hook/pythonpath.sh'
[7.826s] Level 1:colcon.colcon_core.environment:checking '/root/ros2_ws/src/merge_arrays/install/merge_arrays/bin'
[7.826s] Level 1:colcon.colcon_core.environment:create_environment_scripts_only(merge_arrays)
[7.837s] INFO:colcon.colcon_core.shell:Creating package script '/root/ros2_ws/src/merge_arrays/install/merge_arrays/share/merge_arrays/package.ps1'
[7.843s] INFO:colcon.colcon_core.shell:Creating package descriptor '/root/ros2_ws/src/merge_arrays/install/merge_arrays/share/merge_arrays/package.dsv'
[7.847s] INFO:colcon.colcon_core.shell:Creating package script '/root/ros2_ws/src/merge_arrays/install/merge_arrays/share/merge_arrays/package.sh'
[7.852s] INFO:colcon.colcon_core.shell:Creating package script '/root/ros2_ws/src/merge_arrays/install/merge_arrays/share/merge_arrays/package.bash'
[7.856s] INFO:colcon.colcon_core.shell:Creating package script '/root/ros2_ws/src/merge_arrays/install/merge_arrays/share/merge_arrays/package.zsh'
[7.859s] Level 1:colcon.colcon_core.environment:create_file_with_runtime_dependencies(/root/ros2_ws/src/merge_arrays/install/merge_arrays/share/colcon-core/packages/merge_arrays)
[7.861s] DEBUG:colcon.colcon_parallel_executor.executor.parallel:closing loop
[7.863s] DEBUG:colcon.colcon_parallel_executor.executor.parallel:loop closed
[7.864s] DEBUG:colcon.colcon_parallel_executor.executor.parallel:run_until_complete finished with '0'
[7.864s] DEBUG:colcon.colcon_core.event_reactor:joining thread
[7.914s] INFO:colcon.colcon_core.plugin_system:Skipping extension 'colcon_notification.desktop_notification.notify_send': Could not find 'notify-send'
[7.914s] INFO:colcon.colcon_core.plugin_system:Skipping extension 'colcon_notification.desktop_notification.terminal_notifier': Not used on non-Darwin systems
[7.915s] INFO:colcon.colcon_core.plugin_system:Skipping extension 'colcon_notification.desktop_notification.win32': Not used on non-Windows systems
[7.919s] INFO:colcon.colcon_notification.desktop_notification:Sending desktop notification using 'notify2'
[7.921s] DEBUG:colcon.colcon_notification.desktop_notification.notify2:Failed to initialize notify2: org.freedesktop.DBus.Error.NotSupported: Unable to autolaunch a dbus-daemon without a $DISPLAY for X11
[7.922s] DEBUG:colcon.colcon_core.event_reactor:joined thread
[7.932s] INFO:colcon.colcon_core.shell:Creating prefix script '/root/ros2_ws/src/merge_arrays/install/local_setup.ps1'
[7.938s] INFO:colcon.colcon_core.shell:Creating prefix util module '/root/ros2_ws/src/merge_arrays/install/_local_setup_util_ps1.py'
[7.946s] INFO:colcon.colcon_core.shell:Creating prefix chain script '/root/ros2_ws/src/merge_arrays/install/setup.ps1'
[7.954s] INFO:colcon.colcon_core.shell:Creating prefix script '/root/ros2_ws/src/merge_arrays/install/local_setup.sh'
[7.956s] INFO:colcon.colcon_core.shell:Creating prefix util module '/root/ros2_ws/src/merge_arrays/install/_local_setup_util_sh.py'
[7.958s] INFO:colcon.colcon_core.shell:Creating prefix chain script '/root/ros2_ws/src/merge_arrays/install/setup.sh'
[7.965s] INFO:colcon.colcon_core.shell:Creating prefix script '/root/ros2_ws/src/merge_arrays/install/local_setup.bash'
[7.968s] INFO:colcon.colcon_core.shell:Creating prefix chain script '/root/ros2_ws/src/merge_arrays/install/setup.bash'
[7.974s] INFO:colcon.colcon_core.shell:Creating prefix script '/root/ros2_ws/src/merge_arrays/install/local_setup.zsh'
[7.976s] INFO:colcon.colcon_core.shell:Creating prefix chain script '/root/ros2_ws/src/merge_arrays/install/setup.zsh'
